********************************************************************************
DUPLICATOR-LITE PACKAGE-LOG: 14 May 2021 13h50
NOTICE: Do NOT post to public sites or forums 
********************************************************************************
VERSION:	1.4.0
WORDPRESS:	5.7.2
PHP INFO:	7.3.5 | SAPI: apache2handler
SERVER:		Apache/2.4.39 (Win64) PHP/7.3.5 
PHP TIME LIMIT: (0) no time limit imposed 
PHP MAX MEMORY: 4294967296 (128M default) 
MEMORY STACK: 4MB

********************************************************************************
DATABASE:
********************************************************************************
BUILD MODE:   PHP(query limit - 100)
MYSQLTIMEOUT: 5000
MYSQLDUMP:    Not Supported
TABLES: total:13 | filtered:0 | create:13
FILTERED: []
SQL CREATED: 20210514_coulissedecinemania_ca61555d8242bb072813_20210514135034_database.sql
SQL FILE SIZE: 470.78KB (482078)
SQL FILE TIME: 2021-05-14 13:50:45
SQL RUNTIME: 1.07 sec.

********************************************************************************
ARCHIVE (ZIP):
********************************************************************************
ARCHIVE DIR:  C:/wamp64/www/classroom/wp-cinemania-coulisse/wordpress
ARCHIVE FILE: 20210514_coulissedecinemania_ca61555d8242bb072813_20210514135034_archive.zip
FILTERS: *OFF*
DIRS:
	not set
FILES:
	not set
EXTS:  not set
----------------------------------------
COMPRESSING
SIZE:	78.06MB
STATS:	Dirs 527 | Files 3,750
SQL ADDED: 20210514_coulissedecinemania_ca61555d8242bb072813_20210514135034_database.sql
ZipArchive Object
(
    [status] => 0
    [statusSys] => 0
    [numFiles] => 4277
    [filename] => C:\wamp64\www\classroom\wp-cinemania-coulisse\wordpress\wp-content\backups-dup-lite\tmp\20210514_coulissedecinemania_ca61555d8242bb072813_20210514135034_archive.zip
    [comment] => 
)

FILE ADDED TO ZIP: 4276
COMPRESSION RESULT: '1'
COMPRESSED SIZE: 29.17MB
ARCHIVE RUNTIME: 6.62 sec.
MEMORY STACK: 6MB
building installer
add_extra_files1
add_extra_files2
add_extra_files3
add_extra_files4
Doing archive file check
add_extra_files5
add_extra_files6
add_extra_files8
Successfully opened zip C:/wamp64/www/classroom/wp-cinemania-coulisse/wordpress/wp-content/backups-dup-lite/tmp/20210514_coulissedecinemania_ca61555d8242bb072813_20210514135034_archive.zip
Adding enhanced installer files to archive using ZipArchive
Installer files added to archive
Added to archive
After ziparchive close when adding installer

********************************************************************************
INTEGRITY CHECKS:
********************************************************************************
SQL FILE: 470.78KB
INSTALLER FILE: 63.96KB
ARCHIVE FILE: 30.69MB 
EXPECTED FILE/DIRECTORY COUNT: 4,277
ACTUAL FILE/DIRECTORY COUNT: 4,276
ARCHIVE CONSISTENCY TEST: Pass

********************************************************************************
RECORD ID:[1]
TOTAL PROCESS RUNTIME: 8.53 sec.
PEAK PHP MEMORY USED: 6MB
DONE PROCESSING => 20210514_coulissedecinemania 14 May 2021 13h50

