********************************************************************************
DUPLICATOR-LITE PACKAGE-LOG: 28 April 2021 13h59
NOTICE: Do NOT post to public sites or forums 
********************************************************************************
VERSION:	1.4.0
WORDPRESS:	5.7.1
PHP INFO:	7.3.21 | SAPI: apache2handler
SERVER:		Apache/2.4.46 (Win64) PHP/7.3.21 
PHP TIME LIMIT: (0) no time limit imposed 
PHP MAX MEMORY: 4294967296 (128M default) 
MEMORY STACK: 2MB

********************************************************************************
DATABASE:
********************************************************************************
BUILD MODE:   PHP(query limit - 100)
MYSQLTIMEOUT: 5000
MYSQLDUMP:    Not Supported
TABLES: total:13 | filtered:0 | create:13
FILTERED: []
SQL CREATED: 20210428_cinemania_c3a68868798c39479732_20210428135730_database.sql
SQL FILE SIZE: 605.84KB (620377)
SQL FILE TIME: 2021-04-28 13:59:34
SQL RUNTIME: 1.09 sec.

********************************************************************************
ARCHIVE (ZIP):
********************************************************************************
ARCHIVE DIR:  C:/wamp64/www/classroom/emmanuel/wordpress/Cinemania
ARCHIVE FILE: 20210428_cinemania_c3a68868798c39479732_20210428135730_archive.zip
FILTERS: *OFF*
DIRS:
	not set
FILES:
	not set
EXTS:  not set
----------------------------------------
COMPRESSING
SIZE:	80.61MB
STATS:	Dirs 376 | Files 2,923
SQL ADDED: 20210428_cinemania_c3a68868798c39479732_20210428135730_database.sql
ZipArchive Object
(
    [status] => 0
    [statusSys] => 0
    [numFiles] => 3299
    [filename] => C:\wamp64\www\classroom\emmanuel\wordpress\Cinemania\wp-content\backups-dup-lite\tmp\20210428_cinemania_c3a68868798c39479732_20210428135730_archive.zip
    [comment] => 
)

FILE ADDED TO ZIP: 3298
COMPRESSION RESULT: '1'
COMPRESSED SIZE: 38.32MB
ARCHIVE RUNTIME: 75.19 sec.
MEMORY STACK: 4MB
building installer
add_extra_files1
add_extra_files2
add_extra_files3
add_extra_files4
Doing archive file check
add_extra_files5
add_extra_files6
add_extra_files8
Successfully opened zip C:/wamp64/www/classroom/emmanuel/wordpress/Cinemania/wp-content/backups-dup-lite/tmp/20210428_cinemania_c3a68868798c39479732_20210428135730_archive.zip
Adding enhanced installer files to archive using ZipArchive
Installer files added to archive
Added to archive
After ziparchive close when adding installer

********************************************************************************
INTEGRITY CHECKS:
********************************************************************************
SQL FILE: 605.84KB
INSTALLER FILE: 63.95KB
ARCHIVE FILE: 39.83MB 
EXPECTED FILE/DIRECTORY COUNT: 3,299
ACTUAL FILE/DIRECTORY COUNT: 3,298
ARCHIVE CONSISTENCY TEST: Pass

********************************************************************************
RECORD ID:[1]
TOTAL PROCESS RUNTIME: 78.84 sec.
PEAK PHP MEMORY USED: 4MB
DONE PROCESSING => 20210428_cinemania 28 April 2021 14h00

